internal/fs/utils.js:314
    throw err;
    ^

Error: ENOENT: no such file or directory, open './certificado/serverV2.key'
    at Object.openSync (fs.js:498:3)
    at Object.readFileSync (fs.js:394:35)
    at Object.<anonymous> (C:\Users\Administrator\Desktop\WebHookV2\PasarelaPagosAgro\index.js:12:15)
    at Module._compile (internal/modules/cjs/loader.js:1085:14)
    at Object.Module._extensions..js (internal/modules/cjs/loader.js:1114:10)
    at Module.load (internal/modules/cjs/loader.js:950:32)
    at Function.Module._load (internal/modules/cjs/loader.js:790:14)
    at Function.executeUserEntryPoint [as runMain] (internal/modules/run_main.js:76:12)
    at internal/main/run_main_module.js:17:47 {
  errno: -4058,
  syscall: 'open',
  code: 'ENOENT',
  path: './certificado/serverV2.key'
}
internal/fs/utils.js:314
    throw err;
    ^

Error: ENOENT: no such file or directory, open './certificado/serverV2.key'
    at Object.openSync (fs.js:498:3)
    at Object.readFileSync (fs.js:394:35)
    at Object.<anonymous> (C:\Users\Administrator\Desktop\WebHookV2\PasarelaPagosAgro\index.js:12:15)
    at Module._compile (internal/modules/cjs/loader.js:1085:14)
    at Object.Module._extensions..js (internal/modules/cjs/loader.js:1114:10)
    at Module.load (internal/modules/cjs/loader.js:950:32)
    at Function.Module._load (internal/modules/cjs/loader.js:790:14)
    at Function.executeUserEntryPoint [as runMain] (internal/modules/run_main.js:76:12)
    at internal/main/run_main_module.js:17:47 {
  errno: -4058,
  syscall: 'open',
  code: 'ENOENT',
  path: './certificado/serverV2.key'
}
internal/fs/utils.js:314
    throw err;
    ^

Error: ENOENT: no such file or directory, open './certificado/serverV2.key'
    at Object.openSync (fs.js:498:3)
    at Object.readFileSync (fs.js:394:35)
    at Object.<anonymous> (C:\Users\Administrator\Desktop\WebHookV2\PasarelaPagosAgro\index.js:12:15)
    at Module._compile (internal/modules/cjs/loader.js:1085:14)
    at Object.Module._extensions..js (internal/modules/cjs/loader.js:1114:10)
    at Module.load (internal/modules/cjs/loader.js:950:32)
    at Function.Module._load (internal/modules/cjs/loader.js:790:14)
    at Function.executeUserEntryPoint [as runMain] (internal/modules/run_main.js:76:12)
    at internal/main/run_main_module.js:17:47 {
  errno: -4058,
  syscall: 'open',
  code: 'ENOENT',
  path: './certificado/serverV2.key'
}
C:\Users\Administrator\AppData\Roaming\npm\node_modules\qckwinsvc\node_modules\node-windows\lib\wrapper.js:177
    child.send('shutdown');
          ^

TypeError: Cannot read property 'send' of null
    at process.killkid (C:\Users\Administrator\AppData\Roaming\npm\node_modules\qckwinsvc\node_modules\node-windows\lib\wrapper.js:177:11)
    at process.emit (events.js:375:28)
    at process.exit (internal/process/per_thread.js:169:15)
    at monitor (C:\Users\Administrator\AppData\Roaming\npm\node_modules\qckwinsvc\node_modules\node-windows\lib\wrapper.js:99:17)
    at ChildProcess.<anonymous> (C:\Users\Administrator\AppData\Roaming\npm\node_modules\qckwinsvc\node_modules\node-windows\lib\wrapper.js:170:5)
    at ChildProcess.emit (events.js:375:28)
    at Process.ChildProcess._handle.onexit (internal/child_process.js:277:12)
internal/fs/utils.js:314
    throw err;
    ^

Error: ENOENT: no such file or directory, open './certificado/serverV2.key'
    at Object.openSync (fs.js:498:3)
    at Object.readFileSync (fs.js:394:35)
    at Object.<anonymous> (C:\Users\Administrator\Desktop\WebHookV2\PasarelaPagosAgro\index.js:12:13)
    at Module._compile (internal/modules/cjs/loader.js:1085:14)
    at Object.Module._extensions..js (internal/modules/cjs/loader.js:1114:10)
    at Module.load (internal/modules/cjs/loader.js:950:32)
    at Function.Module._load (internal/modules/cjs/loader.js:790:14)
    at Function.executeUserEntryPoint [as runMain] (internal/modules/run_main.js:76:12)
    at internal/main/run_main_module.js:17:47 {
  errno: -4058,
  syscall: 'open',
  code: 'ENOENT',
  path: './certificado/serverV2.key'
}
internal/fs/utils.js:314
    throw err;
    ^

Error: ENOENT: no such file or directory, open './certificado/serverV2.key'
    at Object.openSync (fs.js:498:3)
    at Object.readFileSync (fs.js:394:35)
    at Object.<anonymous> (C:\Users\Administrator\Desktop\WebHookV2\PasarelaPagosAgro\index.js:12:13)
    at Module._compile (internal/modules/cjs/loader.js:1085:14)
    at Object.Module._extensions..js (internal/modules/cjs/loader.js:1114:10)
    at Module.load (internal/modules/cjs/loader.js:950:32)
    at Function.Module._load (internal/modules/cjs/loader.js:790:14)
    at Function.executeUserEntryPoint [as runMain] (internal/modules/run_main.js:76:12)
    at internal/main/run_main_module.js:17:47 {
  errno: -4058,
  syscall: 'open',
  code: 'ENOENT',
  path: './certificado/serverV2.key'
}
internal/fs/utils.js:314
    throw err;
    ^

Error: ENOENT: no such file or directory, open './certificado/serverV2.key'
    at Object.openSync (fs.js:498:3)
    at Object.readFileSync (fs.js:394:35)
    at Object.<anonymous> (C:\Users\Administrator\Desktop\WebHookV2\PasarelaPagosAgro\index.js:12:13)
    at Module._compile (internal/modules/cjs/loader.js:1085:14)
    at Object.Module._extensions..js (internal/modules/cjs/loader.js:1114:10)
    at Module.load (internal/modules/cjs/loader.js:950:32)
    at Function.Module._load (internal/modules/cjs/loader.js:790:14)
    at Function.executeUserEntryPoint [as runMain] (internal/modules/run_main.js:76:12)
    at internal/main/run_main_module.js:17:47 {
  errno: -4058,
  syscall: 'open',
  code: 'ENOENT',
  path: './certificado/serverV2.key'
}
C:\Users\Administrator\AppData\Roaming\npm\node_modules\qckwinsvc\node_modules\node-windows\lib\wrapper.js:177
    child.send('shutdown');
          ^

TypeError: Cannot read property 'send' of null
    at process.killkid (C:\Users\Administrator\AppData\Roaming\npm\node_modules\qckwinsvc\node_modules\node-windows\lib\wrapper.js:177:11)
    at process.emit (events.js:375:28)
    at process.exit (internal/process/per_thread.js:169:15)
    at monitor (C:\Users\Administrator\AppData\Roaming\npm\node_modules\qckwinsvc\node_modules\node-windows\lib\wrapper.js:99:17)
    at ChildProcess.<anonymous> (C:\Users\Administrator\AppData\Roaming\npm\node_modules\qckwinsvc\node_modules\node-windows\lib\wrapper.js:170:5)
    at ChildProcess.emit (events.js:375:28)
    at Process.ChildProcess._handle.onexit (internal/child_process.js:277:12)
internal/fs/utils.js:314
    throw err;
    ^

Error: ENOENT: no such file or directory, open './certificado/serverV2.key'
    at Object.openSync (fs.js:498:3)
    at Object.readFileSync (fs.js:394:35)
    at Object.<anonymous> (C:\Users\Administrator\Desktop\WebHookV2\PasarelaPagosAgro\index.js:12:13)
    at Module._compile (internal/modules/cjs/loader.js:1085:14)
    at Object.Module._extensions..js (internal/modules/cjs/loader.js:1114:10)
    at Module.load (internal/modules/cjs/loader.js:950:32)
    at Function.Module._load (internal/modules/cjs/loader.js:790:14)
    at Function.executeUserEntryPoint [as runMain] (internal/modules/run_main.js:76:12)
    at internal/main/run_main_module.js:17:47 {
  errno: -4058,
  syscall: 'open',
  code: 'ENOENT',
  path: './certificado/serverV2.key'
}
internal/fs/utils.js:314
    throw err;
    ^

Error: ENOENT: no such file or directory, open './certificado/serverV2.key'
    at Object.openSync (fs.js:498:3)
    at Object.readFileSync (fs.js:394:35)
    at Object.<anonymous> (C:\Users\Administrator\Desktop\WebHookV2\PasarelaPagosAgro\index.js:12:13)
    at Module._compile (internal/modules/cjs/loader.js:1085:14)
    at Object.Module._extensions..js (internal/modules/cjs/loader.js:1114:10)
    at Module.load (internal/modules/cjs/loader.js:950:32)
    at Function.Module._load (internal/modules/cjs/loader.js:790:14)
    at Function.executeUserEntryPoint [as runMain] (internal/modules/run_main.js:76:12)
    at internal/main/run_main_module.js:17:47 {
  errno: -4058,
  syscall: 'open',
  code: 'ENOENT',
  path: './certificado/serverV2.key'
}
internal/fs/utils.js:314
    throw err;
    ^

Error: ENOENT: no such file or directory, open './certificado/serverV2.key'
    at Object.openSync (fs.js:498:3)
    at Object.readFileSync (fs.js:394:35)
    at Object.<anonymous> (C:\Users\Administrator\Desktop\WebHookV2\PasarelaPagosAgro\index.js:12:13)
    at Module._compile (internal/modules/cjs/loader.js:1085:14)
    at Object.Module._extensions..js (internal/modules/cjs/loader.js:1114:10)
    at Module.load (internal/modules/cjs/loader.js:950:32)
    at Function.Module._load (internal/modules/cjs/loader.js:790:14)
    at Function.executeUserEntryPoint [as runMain] (internal/modules/run_main.js:76:12)
    at internal/main/run_main_module.js:17:47 {
  errno: -4058,
  syscall: 'open',
  code: 'ENOENT',
  path: './certificado/serverV2.key'
}
C:\Users\Administrator\AppData\Roaming\npm\node_modules\qckwinsvc\node_modules\node-windows\lib\wrapper.js:177
    child.send('shutdown');
          ^

TypeError: Cannot read property 'send' of null
    at process.killkid (C:\Users\Administrator\AppData\Roaming\npm\node_modules\qckwinsvc\node_modules\node-windows\lib\wrapper.js:177:11)
    at process.emit (events.js:375:28)
    at process.exit (internal/process/per_thread.js:169:15)
    at monitor (C:\Users\Administrator\AppData\Roaming\npm\node_modules\qckwinsvc\node_modules\node-windows\lib\wrapper.js:99:17)
    at ChildProcess.<anonymous> (C:\Users\Administrator\AppData\Roaming\npm\node_modules\qckwinsvc\node_modules\node-windows\lib\wrapper.js:170:5)
    at ChildProcess.emit (events.js:375:28)
    at Process.ChildProcess._handle.onexit (internal/child_process.js:277:12)
internal/fs/utils.js:314
    throw err;
    ^

Error: ENOENT: no such file or directory, open './certificado/serverV2.key'
    at Object.openSync (fs.js:498:3)
    at Object.readFileSync (fs.js:394:35)
    at Object.<anonymous> (C:\Users\Administrator\Desktop\WebHookV2\PasarelaPagosAgro\index.js:12:13)
    at Module._compile (internal/modules/cjs/loader.js:1085:14)
    at Object.Module._extensions..js (internal/modules/cjs/loader.js:1114:10)
    at Module.load (internal/modules/cjs/loader.js:950:32)
    at Function.Module._load (internal/modules/cjs/loader.js:790:14)
    at Function.executeUserEntryPoint [as runMain] (internal/modules/run_main.js:76:12)
    at internal/main/run_main_module.js:17:47 {
  errno: -4058,
  syscall: 'open',
  code: 'ENOENT',
  path: './certificado/serverV2.key'
}
internal/fs/utils.js:314
    throw err;
    ^

Error: ENOENT: no such file or directory, open './certificado/serverV2.key'
    at Object.openSync (fs.js:498:3)
    at Object.readFileSync (fs.js:394:35)
    at Object.<anonymous> (C:\Users\Administrator\Desktop\WebHookV2\PasarelaPagosAgro\index.js:12:13)
    at Module._compile (internal/modules/cjs/loader.js:1085:14)
    at Object.Module._extensions..js (internal/modules/cjs/loader.js:1114:10)
    at Module.load (internal/modules/cjs/loader.js:950:32)
    at Function.Module._load (internal/modules/cjs/loader.js:790:14)
    at Function.executeUserEntryPoint [as runMain] (internal/modules/run_main.js:76:12)
    at internal/main/run_main_module.js:17:47 {
  errno: -4058,
  syscall: 'open',
  code: 'ENOENT',
  path: './certificado/serverV2.key'
}
internal/fs/utils.js:314
    throw err;
    ^

Error: ENOENT: no such file or directory, open './certificado/serverV2.key'
    at Object.openSync (fs.js:498:3)
    at Object.readFileSync (fs.js:394:35)
    at Object.<anonymous> (C:\Users\Administrator\Desktop\WebHookV2\PasarelaPagosAgro\index.js:12:13)
    at Module._compile (internal/modules/cjs/loader.js:1085:14)
    at Object.Module._extensions..js (internal/modules/cjs/loader.js:1114:10)
    at Module.load (internal/modules/cjs/loader.js:950:32)
    at Function.Module._load (internal/modules/cjs/loader.js:790:14)
    at Function.executeUserEntryPoint [as runMain] (internal/modules/run_main.js:76:12)
    at internal/main/run_main_module.js:17:47 {
  errno: -4058,
  syscall: 'open',
  code: 'ENOENT',
  path: './certificado/serverV2.key'
}
C:\Users\Administrator\AppData\Roaming\npm\node_modules\qckwinsvc\node_modules\node-windows\lib\wrapper.js:177
    child.send('shutdown');
          ^

TypeError: Cannot read property 'send' of null
    at process.killkid (C:\Users\Administrator\AppData\Roaming\npm\node_modules\qckwinsvc\node_modules\node-windows\lib\wrapper.js:177:11)
    at process.emit (events.js:375:28)
    at process.exit (internal/process/per_thread.js:169:15)
    at monitor (C:\Users\Administrator\AppData\Roaming\npm\node_modules\qckwinsvc\node_modules\node-windows\lib\wrapper.js:99:17)
    at ChildProcess.<anonymous> (C:\Users\Administrator\AppData\Roaming\npm\node_modules\qckwinsvc\node_modules\node-windows\lib\wrapper.js:170:5)
    at ChildProcess.emit (events.js:375:28)
    at Process.ChildProcess._handle.onexit (internal/child_process.js:277:12)
internal/fs/utils.js:314
    throw err;
    ^

Error: ENOENT: no such file or directory, open './certificado/serverV2.key'
    at Object.openSync (fs.js:498:3)
    at Object.readFileSync (fs.js:394:35)
    at Object.<anonymous> (C:\Users\Administrator\Desktop\WebHookV2\PasarelaPagosAgro\index.js:12:13)
    at Module._compile (internal/modules/cjs/loader.js:1085:14)
    at Object.Module._extensions..js (internal/modules/cjs/loader.js:1114:10)
    at Module.load (internal/modules/cjs/loader.js:950:32)
    at Function.Module._load (internal/modules/cjs/loader.js:790:14)
    at Function.executeUserEntryPoint [as runMain] (internal/modules/run_main.js:76:12)
    at internal/main/run_main_module.js:17:47 {
  errno: -4058,
  syscall: 'open',
  code: 'ENOENT',
  path: './certificado/serverV2.key'
}
internal/fs/utils.js:314
    throw err;
    ^

Error: ENOENT: no such file or directory, open './certificado/serverV2.key'
    at Object.openSync (fs.js:498:3)
    at Object.readFileSync (fs.js:394:35)
    at Object.<anonymous> (C:\Users\Administrator\Desktop\WebHookV2\PasarelaPagosAgro\index.js:12:13)
    at Module._compile (internal/modules/cjs/loader.js:1085:14)
    at Object.Module._extensions..js (internal/modules/cjs/loader.js:1114:10)
    at Module.load (internal/modules/cjs/loader.js:950:32)
    at Function.Module._load (internal/modules/cjs/loader.js:790:14)
    at Function.executeUserEntryPoint [as runMain] (internal/modules/run_main.js:76:12)
    at internal/main/run_main_module.js:17:47 {
  errno: -4058,
  syscall: 'open',
  code: 'ENOENT',
  path: './certificado/serverV2.key'
}
internal/fs/utils.js:314
    throw err;
    ^

Error: ENOENT: no such file or directory, open './certificado/serverV2.key'
    at Object.openSync (fs.js:498:3)
    at Object.readFileSync (fs.js:394:35)
    at Object.<anonymous> (C:\Users\Administrator\Desktop\WebHookV2\PasarelaPagosAgro\index.js:12:13)
    at Module._compile (internal/modules/cjs/loader.js:1085:14)
    at Object.Module._extensions..js (internal/modules/cjs/loader.js:1114:10)
    at Module.load (internal/modules/cjs/loader.js:950:32)
    at Function.Module._load (internal/modules/cjs/loader.js:790:14)
    at Function.executeUserEntryPoint [as runMain] (internal/modules/run_main.js:76:12)
    at internal/main/run_main_module.js:17:47 {
  errno: -4058,
  syscall: 'open',
  code: 'ENOENT',
  path: './certificado/serverV2.key'
}
C:\Users\Administrator\AppData\Roaming\npm\node_modules\qckwinsvc\node_modules\node-windows\lib\wrapper.js:177
    child.send('shutdown');
          ^

TypeError: Cannot read property 'send' of null
    at process.killkid (C:\Users\Administrator\AppData\Roaming\npm\node_modules\qckwinsvc\node_modules\node-windows\lib\wrapper.js:177:11)
    at process.emit (events.js:375:28)
    at process.exit (internal/process/per_thread.js:169:15)
    at monitor (C:\Users\Administrator\AppData\Roaming\npm\node_modules\qckwinsvc\node_modules\node-windows\lib\wrapper.js:99:17)
    at ChildProcess.<anonymous> (C:\Users\Administrator\AppData\Roaming\npm\node_modules\qckwinsvc\node_modules\node-windows\lib\wrapper.js:170:5)
    at ChildProcess.emit (events.js:375:28)
    at Process.ChildProcess._handle.onexit (internal/child_process.js:277:12)
